TN:
SF:src/App.tsx
FN:5,(anonymous_10)
FN:5,(anonymous_11)
FN:6,(anonymous_12)
FN:6,(anonymous_13)
FN:7,(anonymous_14)
FN:7,(anonymous_15)
FN:8,(anonymous_16)
FN:8,(anonymous_17)
FN:9,(anonymous_18)
FN:9,(anonymous_19)
FN:10,(anonymous_20)
FN:10,(anonymous_21)
FN:11,(anonymous_22)
FN:11,(anonymous_23)
FN:12,(anonymous_24)
FN:12,(anonymous_25)
FN:16,App
FNF:17
FNH:0
FNDA:0,(anonymous_10)
FNDA:0,(anonymous_11)
FNDA:0,(anonymous_12)
FNDA:0,(anonymous_13)
FNDA:0,(anonymous_14)
FNDA:0,(anonymous_15)
FNDA:0,(anonymous_16)
FNDA:0,(anonymous_17)
FNDA:0,(anonymous_18)
FNDA:0,(anonymous_19)
FNDA:0,(anonymous_20)
FNDA:0,(anonymous_21)
FNDA:0,(anonymous_22)
FNDA:0,(anonymous_23)
FNDA:0,(anonymous_24)
FNDA:0,(anonymous_25)
FNDA:0,App
DA:1,0
DA:2,0
DA:3,0
DA:4,0
DA:5,0
DA:6,0
DA:7,0
DA:8,0
DA:9,0
DA:10,0
DA:11,0
DA:12,0
DA:13,0
DA:14,0
DA:17,0
DA:45,0
LF:16
LH:0
BRF:0
BRH:0
end_of_record
TN:
SF:src/Components/AddPostForm.tsx
FN:11,(anonymous_0)
FN:16,(anonymous_1)
FN:28,(anonymous_2)
FN:56,(anonymous_3)
FN:63,(anonymous_4)
FNF:5
FNH:5
FNDA:10,(anonymous_0)
FNDA:3,(anonymous_1)
FNDA:3,(anonymous_2)
FNDA:2,(anonymous_3)
FNDA:2,(anonymous_4)
DA:1,1
DA:9,1
DA:11,1
DA:12,10
DA:13,10
DA:14,10
DA:16,10
DA:17,3
DA:19,3
DA:20,3
DA:21,3
DA:22,3
DA:24,3
DA:25,3
DA:28,10
DA:29,3
DA:31,1
DA:38,1
DA:40,1
DA:41,1
DA:42,1
DA:45,10
DA:56,2
DA:63,2
DA:90,1
LF:25
LH:25
BRDA:19,0,0,1
BRDA:19,0,1,2
BRDA:20,1,0,1
BRDA:20,1,1,2
BRDA:21,2,0,1
BRDA:21,2,1,2
BRDA:22,3,0,1
BRDA:22,3,1,2
BRDA:29,4,0,2
BRDA:29,4,1,1
BRF:10
BRH:10
end_of_record
TN:
SF:src/Components/ErrorBoundary.tsx
FN:13,(anonymous_0)
FN:20,(anonymous_1)
FN:26,(anonymous_2)
FN:31,(anonymous_3)
FNF:4
FNH:0
FNDA:0,(anonymous_0)
FNDA:0,(anonymous_1)
FNDA:0,(anonymous_2)
FNDA:0,(anonymous_3)
DA:1,0
DA:2,0
DA:12,0
DA:14,0
DA:16,0
DA:21,0
DA:27,0
DA:28,0
DA:32,0
DA:33,0
DA:40,0
LF:11
LH:0
BRDA:32,0,0,0
BRDA:32,0,1,0
BRF:2
BRH:0
end_of_record
TN:
SF:src/Components/Navbar.tsx
FN:11,Navbar
FN:13,(anonymous_2)
FN:18,(anonymous_3)
FN:19,(anonymous_4)
FN:22,(anonymous_5)
FN:47,(anonymous_6)
FN:51,(anonymous_7)
FN:66,(anonymous_8)
FN:78,(anonymous_9)
FN:87,(anonymous_10)
FN:104,(anonymous_11)
FN:110,(anonymous_12)
FN:111,(anonymous_13)
FN:112,(anonymous_14)
FN:113,(anonymous_15)
FN:127,(anonymous_16)
FN:148,(anonymous_17)
FN:160,(anonymous_18)
FN:167,(anonymous_19)
FNF:19
FNH:13
FNDA:9,Navbar
FNDA:13,(anonymous_2)
FNDA:2,(anonymous_3)
FNDA:1,(anonymous_4)
FNDA:1,(anonymous_5)
FNDA:36,(anonymous_6)
FNDA:0,(anonymous_7)
FNDA:1,(anonymous_8)
FNDA:0,(anonymous_9)
FNDA:0,(anonymous_10)
FNDA:0,(anonymous_11)
FNDA:1,(anonymous_12)
FNDA:1,(anonymous_13)
FNDA:1,(anonymous_14)
FNDA:1,(anonymous_15)
FNDA:0,(anonymous_16)
FNDA:1,(anonymous_17)
FNDA:1,(anonymous_18)
FNDA:0,(anonymous_19)
DA:2,1
DA:4,1
DA:5,1
DA:6,1
DA:7,1
DA:8,1
DA:12,9
DA:13,13
DA:14,9
DA:15,9
DA:16,9
DA:18,9
DA:19,9
DA:20,9
DA:22,9
DA:23,1
DA:24,1
DA:25,1
DA:29,9
DA:48,36
DA:52,0
DA:53,0
DA:67,1
DA:68,1
DA:79,0
DA:80,0
DA:88,0
DA:89,0
DA:100,9
DA:104,0
DA:110,1
DA:111,1
DA:112,1
DA:113,1
DA:127,0
DA:148,1
DA:160,1
DA:167,0
DA:176,1
LF:39
LH:30
BRDA:64,0,0,4
BRDA:64,0,1,5
BRDA:118,1,0,9
BRDA:118,1,1,4
BRDA:133,2,0,9
BRDA:133,2,1,5
BRF:6
BRH:6
end_of_record
TN:
SF:src/Components/ReusableCard.tsx
FN:7,(anonymous_1)
FN:7,(anonymous_2)
FN:10,(anonymous_3)
FN:24,(anonymous_4)
FN:26,(anonymous_5)
FN:28,(anonymous_6)
FN:36,(anonymous_7)
FN:40,(anonymous_8)
FN:43,(anonymous_9)
FN:57,(anonymous_10)
FN:70,(anonymous_11)
FNF:11
FNH:0
FNDA:0,(anonymous_1)
FNDA:0,(anonymous_2)
FNDA:0,(anonymous_3)
FNDA:0,(anonymous_4)
FNDA:0,(anonymous_5)
FNDA:0,(anonymous_6)
FNDA:0,(anonymous_7)
FNDA:0,(anonymous_8)
FNDA:0,(anonymous_9)
FNDA:0,(anonymous_10)
FNDA:0,(anonymous_11)
DA:1,0
DA:2,0
DA:3,0
DA:4,0
DA:5,0
DA:7,0
DA:10,0
DA:11,0
DA:24,0
DA:27,0
DA:28,0
DA:36,0
DA:40,0
DA:43,0
DA:57,0
DA:70,0
DA:86,0
LF:17
LH:0
BRDA:7,0,0,0
BRDA:7,1,0,0
BRDA:36,2,0,0
BRDA:36,2,1,0
BRDA:58,3,0,0
BRDA:58,3,1,0
BRDA:64,4,0,0
BRDA:64,4,1,0
BRDA:71,5,0,0
BRDA:71,5,1,0
BRDA:77,6,0,0
BRDA:77,6,1,0
BRF:12
BRH:0
end_of_record
TN:
SF:src/Components/SkeletonCard.tsx
FN:2,SkeletonCard
FNF:1
FNH:0
FNDA:0,SkeletonCard
DA:1,0
DA:2,0
DA:8,0
LF:3
LH:0
BRDA:3,0,0,0
BRDA:4,1,0,0
BRDA:5,2,0,0
BRDA:6,3,0,0
BRDA:14,4,0,0
BRDA:14,4,1,0
BRDA:24,5,0,0
BRDA:24,5,1,0
BRDA:25,6,0,0
BRDA:25,6,1,0
BRF:10
BRH:0
end_of_record
TN:
SF:src/Pages/Home.tsx
FN:11,Home
FN:14,(anonymous_2)
FN:15,(anonymous_3)
FN:16,(anonymous_4)
FN:33,(anonymous_5)
FN:36,(anonymous_6)
FN:37,(anonymous_7)
FN:40,(anonymous_8)
FN:46,(anonymous_9)
FN:50,(anonymous_10)
FN:54,(anonymous_11)
FN:56,(anonymous_12)
FN:57,(anonymous_13)
FN:62,(anonymous_14)
FN:63,(anonymous_15)
FN:73,(anonymous_16)
FN:77,(anonymous_17)
FN:81,(anonymous_18)
FN:85,(anonymous_19)
FN:85,(anonymous_20)
FN:86,(anonymous_21)
FN:86,(anonymous_22)
FN:88,(anonymous_23)
FN:104,(anonymous_24)
FNF:24
FNH:19
FNDA:4,Home
FNDA:6,(anonymous_2)
FNDA:6,(anonymous_3)
FNDA:6,(anonymous_4)
FNDA:2,(anonymous_5)
FNDA:2,(anonymous_6)
FNDA:2,(anonymous_7)
FNDA:0,(anonymous_8)
FNDA:2,(anonymous_9)
FNDA:2,(anonymous_10)
FNDA:2,(anonymous_11)
FNDA:0,(anonymous_12)
FNDA:0,(anonymous_13)
FNDA:2,(anonymous_14)
FNDA:0,(anonymous_15)
FNDA:2,(anonymous_16)
FNDA:1,(anonymous_17)
FNDA:1,(anonymous_18)
FNDA:2,(anonymous_19)
FNDA:1,(anonymous_20)
FNDA:2,(anonymous_21)
FNDA:0,(anonymous_22)
FNDA:1,(anonymous_23)
FNDA:2,(anonymous_24)
DA:1,1
DA:2,1
DA:3,1
DA:4,1
DA:5,1
DA:6,1
DA:7,1
DA:9,1
DA:13,4
DA:14,6
DA:15,6
DA:16,6
DA:17,4
DA:18,4
DA:19,4
DA:20,4
DA:21,4
DA:33,4
DA:34,2
DA:37,2
DA:38,2
DA:40,0
DA:46,4
DA:47,2
DA:50,4
DA:51,2
DA:54,4
DA:55,2
DA:56,0
DA:57,0
DA:62,4
DA:63,2
DA:64,0
DA:68,0
DA:72,2
DA:73,2
DA:77,4
DA:78,1
DA:81,4
DA:82,1
DA:85,4
DA:86,4
DA:88,4
DA:89,1
DA:92,4
DA:93,0
DA:94,0
DA:97,4
DA:105,2
DA:132,1
LF:50
LH:43
BRDA:55,0,0,0
BRDA:55,0,1,2
BRDA:64,1,0,0
BRDA:64,1,1,0
BRDA:85,2,0,1
BRDA:85,2,1,1
BRDA:86,3,0,0
BRDA:86,3,1,0
BRDA:92,4,0,0
BRDA:92,4,1,4
BRDA:121,5,0,4
BRDA:121,5,1,0
BRF:12
BRH:5
end_of_record
TN:
SF:src/Pages/LikedPosts.tsx
FN:11,LikedPage
FN:12,(anonymous_2)
FN:16,(anonymous_3)
FN:17,(anonymous_4)
FN:19,(anonymous_5)
FN:30,(anonymous_6)
FN:32,(anonymous_7)
FN:46,(anonymous_8)
FN:58,(anonymous_9)
FN:62,(anonymous_10)
FN:72,(anonymous_11)
FNF:11
FNH:10
FNDA:4,LikedPage
FNDA:8,(anonymous_2)
FNDA:8,(anonymous_3)
FNDA:8,(anonymous_4)
FNDA:4,(anonymous_5)
FNDA:2,(anonymous_6)
FNDA:1,(anonymous_7)
FNDA:0,(anonymous_8)
FNDA:2,(anonymous_9)
FNDA:2,(anonymous_10)
FNDA:1,(anonymous_11)
DA:1,1
DA:2,1
DA:3,1
DA:4,1
DA:5,1
DA:6,1
DA:8,1
DA:9,1
DA:12,8
DA:14,4
DA:15,4
DA:16,8
DA:17,8
DA:19,4
DA:21,4
DA:25,4
DA:26,0
DA:27,0
DA:30,4
DA:32,4
DA:33,1
DA:39,4
DA:46,0
DA:59,2
DA:62,2
DA:72,1
DA:89,1
LF:27
LH:24
BRDA:25,0,0,0
BRDA:25,0,1,4
BRDA:54,1,0,2
BRDA:54,1,1,2
BRF:4
BRH:3
end_of_record
TN:
SF:src/Pages/Login.tsx
FN:26,Login
FN:37,(anonymous_1)
FN:55,(anonymous_2)
FN:58,(anonymous_3)
FN:77,(anonymous_4)
FN:92,(anonymous_5)
FN:100,(anonymous_6)
FN:148,(anonymous_7)
FN:156,(anonymous_8)
FN:164,(anonymous_9)
FN:190,(anonymous_10)
FNF:11
FNH:11
FNDA:27,Login
FNDA:6,(anonymous_1)
FNDA:2,(anonymous_2)
FNDA:2,(anonymous_3)
FNDA:1,(anonymous_4)
FNDA:6,(anonymous_5)
FNDA:1,(anonymous_6)
FNDA:2,(anonymous_7)
FNDA:4,(anonymous_8)
FNDA:4,(anonymous_9)
FNDA:3,(anonymous_10)
DA:2,1
DA:3,1
DA:11,1
DA:12,1
DA:13,1
DA:14,1
DA:15,1
DA:26,1
DA:27,27
DA:28,27
DA:30,27
DA:31,27
DA:32,27
DA:33,27
DA:34,27
DA:35,27
DA:37,27
DA:38,6
DA:40,6
DA:41,6
DA:42,4
DA:43,1
DA:45,6
DA:46,2
DA:47,2
DA:48,1
DA:51,6
DA:52,6
DA:55,27
DA:56,2
DA:58,2
DA:60,2
DA:61,1
DA:62,1
DA:65,1
DA:72,1
DA:74,1
DA:77,27
DA:79,1
DA:86,1
DA:89,1
DA:92,27
DA:93,6
DA:94,6
DA:96,3
DA:97,1
DA:100,27
DA:101,1
DA:102,1
DA:104,1
DA:111,1
DA:112,1
DA:115,27
DA:148,2
DA:156,4
DA:164,4
DA:190,3
LF:57
LH:57
BRDA:40,0,0,2
BRDA:40,0,1,4
BRDA:41,1,0,2
BRDA:41,1,1,4
BRDA:42,2,0,1
BRDA:42,2,1,3
BRDA:45,3,0,2
BRDA:45,3,1,4
BRDA:46,4,0,0
BRDA:46,4,1,2
BRDA:47,5,0,1
BRDA:47,5,1,1
BRDA:56,6,0,2
BRDA:56,6,1,0
BRDA:58,7,0,2
BRDA:58,7,1,1
BRDA:60,8,0,1
BRDA:60,8,1,1
BRDA:69,9,0,1
BRDA:69,9,1,1
BRDA:94,10,0,3
BRDA:94,10,1,3
BRDA:96,11,0,2
BRDA:96,11,1,1
BRDA:136,12,0,16
BRDA:136,12,1,11
BRDA:141,13,0,27
BRDA:141,13,1,11
BRDA:168,14,0,16
BRDA:168,14,1,11
BRDA:194,15,0,16
BRDA:194,15,1,11
BRDA:197,16,0,27
BRDA:197,16,1,1
BRF:34
BRH:32
end_of_record
TN:
SF:src/Pages/PostDetailPage.tsx
FN:25,PostDetailPage
FN:26,(anonymous_2)
FN:33,(anonymous_3)
FN:38,(anonymous_4)
FN:41,(anonymous_5)
FN:42,(anonymous_6)
FN:45,(anonymous_7)
FN:48,(anonymous_8)
FN:49,(anonymous_9)
FN:53,(anonymous_10)
FN:95,(anonymous_11)
FN:105,(anonymous_12)
FN:111,(anonymous_13)
FN:115,(anonymous_14)
FN:115,(anonymous_15)
FN:116,(anonymous_16)
FN:116,(anonymous_17)
FN:126,(anonymous_18)
FN:145,(anonymous_19)
FN:153,(anonymous_20)
FN:174,(anonymous_21)
FN:179,(anonymous_22)
FN:197,(anonymous_23)
FN:217,(anonymous_24)
FN:236,(anonymous_25)
FN:253,(anonymous_26)
FN:262,(anonymous_27)
FNF:27
FNH:21
FNDA:8,PostDetailPage
FNDA:12,(anonymous_2)
FNDA:12,(anonymous_3)
FNDA:4,(anonymous_4)
FNDA:4,(anonymous_5)
FNDA:0,(anonymous_6)
FNDA:4,(anonymous_7)
FNDA:4,(anonymous_8)
FNDA:0,(anonymous_9)
FNDA:4,(anonymous_10)
FNDA:1,(anonymous_11)
FNDA:1,(anonymous_12)
FNDA:1,(anonymous_13)
FNDA:16,(anonymous_14)
FNDA:0,(anonymous_15)
FNDA:16,(anonymous_16)
FNDA:0,(anonymous_17)
FNDA:0,(anonymous_18)
FNDA:1,(anonymous_19)
FNDA:1,(anonymous_20)
FNDA:1,(anonymous_21)
FNDA:1,(anonymous_22)
FNDA:1,(anonymous_23)
FNDA:0,(anonymous_24)
FNDA:1,(anonymous_25)
FNDA:1,(anonymous_26)
FNDA:1,(anonymous_27)
DA:1,1
DA:2,1
DA:3,1
DA:4,1
DA:5,1
DA:6,1
DA:7,1
DA:8,1
DA:9,1
DA:11,1
DA:26,12
DA:27,8
DA:28,8
DA:29,8
DA:30,8
DA:31,8
DA:32,8
DA:33,12
DA:34,8
DA:36,8
DA:38,8
DA:39,4
DA:41,4
DA:42,0
DA:45,8
DA:46,4
DA:48,4
DA:49,0
DA:53,8
DA:54,4
DA:55,4
DA:56,0
DA:90,8
DA:95,8
DA:96,1
DA:97,1
DA:98,1
DA:99,1
DA:100,1
DA:101,1
DA:105,8
DA:106,1
DA:111,8
DA:112,1
DA:115,16
DA:116,16
DA:119,8
DA:126,0
DA:145,1
DA:153,1
DA:174,1
DA:179,1
DA:198,1
DA:217,0
DA:237,1
DA:254,1
DA:262,1
DA:287,1
LF:58
LH:53
BRDA:55,0,0,0
BRDA:55,0,1,4
BRDA:96,1,0,0
BRDA:96,1,1,1
BRDA:115,2,0,16
BRDA:115,2,1,8
BRDA:116,3,0,16
BRDA:116,3,1,8
BRDA:145,4,0,0
BRDA:145,4,1,8
BRDA:149,5,0,0
BRDA:149,5,1,8
BRDA:153,6,0,0
BRDA:153,6,1,8
BRDA:157,7,0,0
BRDA:157,7,1,8
BRDA:195,8,0,8
BRDA:195,8,1,7
BRDA:195,8,2,6
BRF:19
BRH:13
end_of_record
TN:
SF:src/Pages/Profile.tsx
FN:10,(anonymous_1)
FN:11,(anonymous_2)
FN:12,(anonymous_3)
FN:15,(anonymous_4)
FN:19,(anonymous_5)
FN:23,(anonymous_6)
FN:23,(anonymous_7)
FN:24,(anonymous_8)
FN:24,(anonymous_9)
FN:39,(anonymous_10)
FN:45,(anonymous_11)
FN:52,(anonymous_12)
FN:54,(anonymous_13)
FN:58,(anonymous_14)
FN:84,(anonymous_15)
FN:98,(anonymous_16)
FN:110,(anonymous_17)
FN:111,(anonymous_18)
FN:126,(anonymous_19)
FNF:19
FNH:12
FNDA:9,(anonymous_1)
FNDA:13,(anonymous_2)
FNDA:13,(anonymous_3)
FNDA:1,(anonymous_4)
FNDA:1,(anonymous_5)
FNDA:4,(anonymous_6)
FNDA:0,(anonymous_7)
FNDA:4,(anonymous_8)
FNDA:0,(anonymous_9)
FNDA:4,(anonymous_10)
FNDA:9,(anonymous_11)
FNDA:1,(anonymous_12)
FNDA:1,(anonymous_13)
FNDA:0,(anonymous_14)
FNDA:0,(anonymous_15)
FNDA:4,(anonymous_16)
FNDA:0,(anonymous_17)
FNDA:0,(anonymous_18)
FNDA:0,(anonymous_19)
DA:1,1
DA:2,1
DA:3,1
DA:5,1
DA:6,1
DA:8,1
DA:10,1
DA:11,13
DA:12,13
DA:13,9
DA:15,9
DA:16,1
DA:19,9
DA:20,1
DA:23,9
DA:24,9
DA:36,9
DA:37,9
DA:39,9
DA:40,4
DA:41,4
DA:42,4
DA:45,9
DA:46,9
DA:52,9
DA:53,1
DA:54,1
DA:55,1
DA:58,9
DA:59,0
DA:62,9
DA:84,0
DA:99,4
DA:126,0
DA:133,1
LF:35
LH:32
BRDA:41,0,0,4
BRDA:41,0,1,0
BRDA:92,1,0,5
BRDA:92,1,1,4
BRF:4
BRH:3
end_of_record
TN:
SF:src/Pages/QuotesPage.tsx
FN:18,QuotesPage
FN:20,(anonymous_2)
FN:22,(anonymous_3)
FN:37,(anonymous_4)
FN:62,(anonymous_5)
FN:121,(anonymous_6)
FN:127,(anonymous_7)
FN:129,(anonymous_8)
FNF:8
FNH:8
FNDA:10,QuotesPage
FNDA:20,(anonymous_2)
FNDA:4,(anonymous_3)
FNDA:5,(anonymous_4)
FNDA:1,(anonymous_5)
FNDA:10,(anonymous_6)
FNDA:10,(anonymous_7)
FNDA:4,(anonymous_8)
DA:1,1
DA:2,1
DA:3,1
DA:4,1
DA:14,1
DA:15,1
DA:16,1
DA:19,10
DA:20,20
DA:22,4
DA:23,4
DA:26,4
DA:27,1
DA:28,1
DA:30,3
DA:38,5
DA:63,1
DA:121,1
DA:122,10
DA:127,1
DA:128,10
DA:129,4
DA:133,1
LF:23
LH:23
BRDA:26,0,0,1
BRDA:26,0,1,3
BRDA:30,1,0,1
BRDA:30,1,1,2
BRDA:53,2,0,1
BRDA:53,2,1,1
BRF:6
BRH:6
end_of_record
TN:
SF:src/Pages/SearchUsers.tsx
FN:19,SearchUsers
FN:32,(anonymous_2)
FN:35,(anonymous_3)
FN:43,(anonymous_4)
FN:47,(anonymous_5)
FN:57,(anonymous_6)
FN:72,(anonymous_7)
FN:76,(anonymous_8)
FN:84,(anonymous_9)
FN:85,(anonymous_10)
FN:95,(anonymous_11)
FN:98,(anonymous_12)
FN:120,(anonymous_13)
FN:151,(anonymous_14)
FN:152,(anonymous_15)
FNF:15
FNH:11
FNDA:17,SearchUsers
FNDA:17,(anonymous_2)
FNDA:5,(anonymous_3)
FNDA:5,(anonymous_4)
FNDA:5,(anonymous_5)
FNDA:4,(anonymous_6)
FNDA:5,(anonymous_7)
FNDA:3,(anonymous_8)
FNDA:3,(anonymous_9)
FNDA:0,(anonymous_10)
FNDA:3,(anonymous_11)
FNDA:0,(anonymous_12)
FNDA:2,(anonymous_13)
FNDA:0,(anonymous_14)
FNDA:0,(anonymous_15)
DA:1,1
DA:2,1
DA:13,1
DA:14,1
DA:15,1
DA:17,1
DA:20,17
DA:21,16
DA:22,16
DA:23,16
DA:24,16
DA:26,16
DA:27,16
DA:28,16
DA:29,14
DA:31,14
DA:32,17
DA:34,14
DA:36,5
DA:37,5
DA:38,5
DA:43,14
DA:44,5
DA:47,14
DA:49,5
DA:53,5
DA:54,5
DA:55,5
DA:57,4
DA:58,4
DA:61,4
DA:62,2
DA:63,2
DA:65,3
DA:66,3
DA:67,3
DA:72,14
DA:73,5
DA:76,14
DA:77,3
DA:78,0
DA:79,0
DA:80,0
DA:84,14
DA:85,3
DA:86,0
DA:90,0
DA:94,3
DA:95,3
DA:98,14
DA:100,14
DA:101,2
DA:102,2
DA:114,12
DA:120,2
DA:152,0
DA:197,1
LF:57
LH:51
BRDA:47,0,0,0
BRDA:49,1,0,3
BRDA:49,1,1,2
BRDA:58,2,0,4
BRDA:58,2,1,0
BRDA:77,3,0,0
BRDA:77,3,1,3
BRDA:86,4,0,0
BRDA:86,4,1,0
BRDA:100,5,0,2
BRDA:100,5,1,12
BRDA:130,6,0,12
BRDA:130,6,1,6
BRDA:134,7,0,12
BRDA:134,7,1,1
BRDA:139,8,0,12
BRDA:139,8,1,5
BRF:17
BRH:12
end_of_record
TN:
SF:src/Pages/UserProfile.tsx
FN:20,UserProfile
FN:24,(anonymous_2)
FN:29,(anonymous_3)
FN:31,(anonymous_4)
FN:34,(anonymous_5)
FN:35,(anonymous_6)
FN:38,(anonymous_7)
FN:41,(anonymous_8)
FN:42,(anonymous_9)
FN:58,(anonymous_10)
FN:62,(anonymous_11)
FN:66,(anonymous_12)
FN:67,(anonymous_13)
FN:68,(anonymous_14)
FN:69,(anonymous_15)
FN:75,(anonymous_16)
FN:102,(anonymous_17)
FN:116,(anonymous_18)
FN:184,(anonymous_19)
FNF:19
FNH:12
FNDA:5,UserProfile
FNDA:7,(anonymous_2)
FNDA:3,(anonymous_3)
FNDA:1,(anonymous_4)
FNDA:1,(anonymous_5)
FNDA:0,(anonymous_6)
FNDA:1,(anonymous_7)
FNDA:1,(anonymous_8)
FNDA:0,(anonymous_9)
FNDA:0,(anonymous_10)
FNDA:0,(anonymous_11)
FNDA:1,(anonymous_12)
FNDA:1,(anonymous_13)
FNDA:1,(anonymous_14)
FNDA:0,(anonymous_15)
FNDA:0,(anonymous_16)
FNDA:2,(anonymous_17)
FNDA:0,(anonymous_18)
FNDA:1,(anonymous_19)
DA:1,1
DA:2,1
DA:3,1
DA:13,1
DA:15,1
DA:16,1
DA:17,1
DA:18,1
DA:21,5
DA:22,5
DA:23,4
DA:24,7
DA:26,2
DA:27,2
DA:29,3
DA:31,2
DA:32,1
DA:34,1
DA:35,0
DA:38,2
DA:39,1
DA:41,1
DA:42,0
DA:56,2
DA:58,2
DA:59,0
DA:62,2
DA:63,0
DA:66,2
DA:67,1
DA:68,2
DA:69,1
DA:71,2
DA:72,0
DA:75,2
DA:76,0
DA:102,2
DA:103,2
DA:104,2
DA:105,2
DA:106,2
DA:109,2
DA:116,0
DA:185,1
DA:218,1
LF:45
LH:38
BRDA:67,0,0,1
BRDA:67,0,1,0
BRDA:69,1,0,0
BRDA:69,1,1,0
BRDA:71,2,0,0
BRDA:71,2,1,2
BRDA:71,3,0,2
BRDA:71,3,1,2
BRDA:139,4,0,2
BRDA:139,4,1,1
BRDA:158,5,0,2
BRDA:158,5,1,1
BRF:12
BRH:8
end_of_record
TN:
SF:src/Redux/index.ts
FNF:0
FNH:0
DA:2,0
DA:3,0
DA:4,0
DA:5,0
DA:6,0
DA:10,0
DA:19,0
LF:7
LH:0
BRF:0
BRH:0
end_of_record
TN:
SF:src/Redux/store.ts
FN:9,(anonymous_1)
FN:12,(anonymous_2)
FN:17,(anonymous_3)
FNF:3
FNH:0
FNDA:0,(anonymous_1)
FNDA:0,(anonymous_2)
FNDA:0,(anonymous_3)
DA:1,0
DA:2,0
DA:3,0
DA:4,0
DA:8,0
DA:10,0
DA:13,0
DA:14,0
DA:18,0
DA:19,0
DA:23,0
DA:29,0
DA:33,0
DA:38,0
LF:14
LH:0
BRF:0
BRH:0
end_of_record
TN:
SF:src/Redux/LikedPost/LikedPostActions.ts
FN:16,(anonymous_0)
FN:22,(anonymous_1)
FNF:2
FNH:2
FNDA:1,(anonymous_0)
FNDA:1,(anonymous_1)
DA:1,3
DA:2,3
DA:16,3
DA:22,3
LF:4
LH:4
BRF:0
BRH:0
end_of_record
TN:
SF:src/Redux/LikedPost/LikedPostReducer.ts
FN:17,(anonymous_0)
FN:22,(anonymous_1)
FN:23,(anonymous_2)
FN:25,(anonymous_3)
FN:31,(anonymous_4)
FN:32,(anonymous_5)
FN:34,(anonymous_6)
FNF:7
FNH:7
FNDA:7,(anonymous_0)
FNDA:1,(anonymous_1)
FNDA:1,(anonymous_2)
FNDA:1,(anonymous_3)
FNDA:1,(anonymous_4)
FNDA:1,(anonymous_5)
FNDA:1,(anonymous_6)
DA:1,1
DA:12,1
DA:17,1
DA:18,7
DA:20,3
DA:22,1
DA:23,1
DA:25,1
DA:29,3
DA:31,1
DA:32,1
DA:34,1
DA:38,1
DA:42,1
LF:14
LH:14
BRDA:17,0,0,3
BRDA:18,1,0,3
BRDA:18,1,1,3
BRDA:18,1,2,1
BRDA:22,2,0,1
BRDA:22,2,1,2
BRDA:31,3,0,1
BRDA:31,3,1,2
BRF:8
BRH:8
end_of_record
TN:
SF:src/Redux/Quotes/QuotesActions.ts
FN:23,(anonymous_1)
FN:30,(anonymous_2)
FN:37,(anonymous_3)
FN:44,(anonymous_4)
FN:45,(anonymous_5)
FN:48,(anonymous_6)
FN:52,(anonymous_7)
FNF:7
FNH:0
FNDA:0,(anonymous_1)
FNDA:0,(anonymous_2)
FNDA:0,(anonymous_3)
FNDA:0,(anonymous_4)
FNDA:0,(anonymous_5)
FNDA:0,(anonymous_6)
FNDA:0,(anonymous_7)
DA:1,0
DA:2,0
DA:3,0
DA:4,0
DA:23,0
DA:24,0
DA:30,0
DA:31,0
DA:37,0
DA:38,0
DA:44,0
DA:45,0
DA:46,0
DA:47,0
DA:49,0
DA:50,0
DA:53,0
DA:54,0
LF:18
LH:0
BRF:0
BRH:0
end_of_record
TN:
SF:src/Redux/Quotes/QuotesReducer.ts
FN:15,(anonymous_0)
FNF:1
FNH:0
FNDA:0,(anonymous_0)
DA:1,0
DA:9,0
DA:15,0
DA:16,0
DA:18,0
DA:23,0
DA:30,0
DA:37,0
DA:41,0
LF:9
LH:0
BRDA:15,0,0,0
BRDA:16,1,0,0
BRDA:16,1,1,0
BRDA:16,1,2,0
BRDA:16,1,3,0
BRF:5
BRH:0
end_of_record
TN:
SF:src/Redux/Users/userActions.ts
FN:20,(anonymous_1)
FN:27,(anonymous_2)
FN:33,(anonymous_3)
FN:40,(anonymous_4)
FN:41,(anonymous_5)
FN:44,(anonymous_6)
FN:48,(anonymous_7)
FNF:7
FNH:6
FNDA:2,(anonymous_1)
FNDA:1,(anonymous_2)
FNDA:2,(anonymous_3)
FNDA:2,(anonymous_4)
FNDA:1,(anonymous_5)
FNDA:1,(anonymous_6)
FNDA:0,(anonymous_7)
DA:1,2
DA:3,2
DA:4,2
DA:5,2
DA:20,2
DA:21,2
DA:27,2
DA:28,1
DA:33,2
DA:34,2
DA:40,2
DA:41,2
DA:42,1
DA:43,1
DA:45,1
DA:46,1
DA:49,0
DA:50,0
LF:18
LH:16
BRF:0
BRH:0
end_of_record
TN:
SF:src/Redux/Users/userReducer.ts
FN:19,(anonymous_0)
FNF:1
FNH:1
FNDA:4,(anonymous_0)
DA:1,1
DA:13,1
DA:19,1
DA:20,4
DA:22,1
DA:28,1
DA:35,1
DA:43,1
DA:47,1
LF:9
LH:9
BRDA:19,0,0,1
BRDA:20,1,0,1
BRDA:20,1,1,1
BRDA:20,1,2,1
BRDA:20,1,3,1
BRF:5
BRH:5
end_of_record
TN:
SF:src/Redux/auth/authActions.ts
FN:24,(anonymous_0)
FN:29,(anonymous_1)
FNF:2
FNH:2
FNDA:5,(anonymous_0)
FNDA:2,(anonymous_1)
DA:4,3
DA:5,3
DA:24,5
DA:29,3
LF:4
LH:4
BRF:0
BRH:0
end_of_record
TN:
SF:src/Redux/auth/authReducer.ts
FN:16,authReducer
FNF:1
FNH:1
FNDA:3,authReducer
DA:4,1
DA:10,1
DA:16,1
DA:18,3
DA:20,1
DA:28,1
DA:32,1
LF:7
LH:7
BRDA:16,0,0,1
BRDA:18,1,0,1
BRDA:18,1,1,1
BRDA:18,1,2,1
BRF:4
BRH:4
end_of_record
