TN:
SF:src/App.tsx
FN:12,App
FNF:1
FNH:0
FNDA:0,App
DA:1,0
DA:2,0
DA:3,0
DA:4,0
DA:5,0
DA:6,0
DA:7,0
DA:8,0
DA:9,0
DA:10,0
DA:13,0
DA:32,0
LF:12
LH:0
BRF:0
BRH:0
end_of_record
TN:
SF:src/Components/Navbar.tsx
FN:11,Navbar
FN:13,(anonymous_2)
FN:18,(anonymous_3)
FN:19,(anonymous_4)
FN:22,(anonymous_5)
FN:47,(anonymous_6)
FN:51,(anonymous_7)
FN:66,(anonymous_8)
FN:76,(anonymous_9)
FN:93,(anonymous_10)
FN:99,(anonymous_11)
FN:100,(anonymous_12)
FN:101,(anonymous_13)
FN:102,(anonymous_14)
FN:116,(anonymous_15)
FN:148,(anonymous_16)
FN:155,(anonymous_17)
FNF:17
FNH:10
FNDA:5,Navbar
FNDA:8,(anonymous_2)
FNDA:1,(anonymous_3)
FNDA:1,(anonymous_4)
FNDA:1,(anonymous_5)
FNDA:20,(anonymous_6)
FNDA:0,(anonymous_7)
FNDA:0,(anonymous_8)
FNDA:0,(anonymous_9)
FNDA:0,(anonymous_10)
FNDA:1,(anonymous_11)
FNDA:1,(anonymous_12)
FNDA:1,(anonymous_13)
FNDA:1,(anonymous_14)
FNDA:0,(anonymous_15)
FNDA:0,(anonymous_16)
FNDA:0,(anonymous_17)
DA:2,1
DA:4,1
DA:5,1
DA:6,1
DA:7,1
DA:8,1
DA:12,5
DA:13,8
DA:14,5
DA:15,5
DA:16,5
DA:18,5
DA:19,5
DA:20,5
DA:22,5
DA:23,1
DA:24,1
DA:25,1
DA:29,5
DA:48,20
DA:52,0
DA:53,0
DA:67,0
DA:68,0
DA:77,0
DA:78,0
DA:89,5
DA:93,0
DA:99,1
DA:100,1
DA:101,1
DA:102,1
DA:116,0
DA:148,0
DA:155,0
DA:164,1
LF:36
LH:26
BRDA:64,0,0,1
BRDA:64,0,1,4
BRDA:107,1,0,5
BRDA:107,1,1,1
BRDA:122,2,0,5
BRDA:122,2,1,4
BRF:6
BRH:6
end_of_record
TN:
SF:src/Pages/Home.tsx
FN:23,Home
FN:26,(anonymous_2)
FN:27,(anonymous_3)
FN:40,(anonymous_4)
FN:43,(anonymous_5)
FN:44,(anonymous_6)
FN:47,(anonymous_7)
FN:50,(anonymous_8)
FN:54,(anonymous_9)
FN:58,(anonymous_10)
FN:60,(anonymous_11)
FN:61,(anonymous_12)
FN:67,(anonymous_13)
FN:78,(anonymous_14)
FN:85,(anonymous_15)
FN:92,(anonymous_16)
FN:96,(anonymous_17)
FN:97,(anonymous_18)
FN:100,(anonymous_19)
FN:115,(anonymous_20)
FN:119,(anonymous_21)
FN:120,(anonymous_22)
FN:123,(anonymous_23)
FN:138,(anonymous_24)
FN:138,(anonymous_25)
FN:139,(anonymous_26)
FN:139,(anonymous_27)
FN:141,(anonymous_28)
FN:157,(anonymous_29)
FN:173,(anonymous_30)
FN:175,(anonymous_31)
FN:178,(anonymous_32)
FN:184,(anonymous_33)
FN:193,(anonymous_34)
FN:202,(anonymous_35)
FN:216,(anonymous_36)
FNF:36
FNH:16
FNDA:2,Home
FNDA:3,(anonymous_2)
FNDA:3,(anonymous_3)
FNDA:1,(anonymous_4)
FNDA:1,(anonymous_5)
FNDA:1,(anonymous_6)
FNDA:0,(anonymous_7)
FNDA:1,(anonymous_8)
FNDA:1,(anonymous_9)
FNDA:1,(anonymous_10)
FNDA:0,(anonymous_11)
FNDA:0,(anonymous_12)
FNDA:0,(anonymous_13)
FNDA:1,(anonymous_14)
FNDA:1,(anonymous_15)
FNDA:0,(anonymous_16)
FNDA:0,(anonymous_17)
FNDA:0,(anonymous_18)
FNDA:0,(anonymous_19)
FNDA:0,(anonymous_20)
FNDA:0,(anonymous_21)
FNDA:0,(anonymous_22)
FNDA:0,(anonymous_23)
FNDA:2,(anonymous_24)
FNDA:0,(anonymous_25)
FNDA:2,(anonymous_26)
FNDA:0,(anonymous_27)
FNDA:0,(anonymous_28)
FNDA:1,(anonymous_29)
FNDA:1,(anonymous_30)
FNDA:0,(anonymous_31)
FNDA:0,(anonymous_32)
FNDA:1,(anonymous_33)
FNDA:0,(anonymous_34)
FNDA:0,(anonymous_35)
FNDA:0,(anonymous_36)
DA:1,1
DA:2,1
DA:3,1
DA:4,1
DA:5,1
DA:6,1
DA:20,1
DA:21,1
DA:24,2
DA:26,3
DA:27,3
DA:29,2
DA:30,2
DA:31,2
DA:32,2
DA:33,2
DA:34,2
DA:35,2
DA:40,2
DA:41,1
DA:44,1
DA:45,1
DA:47,0
DA:50,2
DA:51,1
DA:54,2
DA:55,1
DA:58,2
DA:59,1
DA:60,0
DA:61,0
DA:67,2
DA:68,0
DA:72,0
DA:76,2
DA:78,2
DA:79,1
DA:80,1
DA:81,0
DA:85,2
DA:86,1
DA:87,1
DA:88,0
DA:92,2
DA:93,0
DA:94,0
DA:96,0
DA:97,0
DA:99,0
DA:100,0
DA:101,0
DA:102,0
DA:108,0
DA:109,0
DA:115,2
DA:116,0
DA:117,0
DA:119,0
DA:120,0
DA:122,0
DA:123,0
DA:124,0
DA:125,0
DA:131,0
DA:132,0
DA:138,2
DA:139,2
DA:141,2
DA:142,0
DA:145,2
DA:146,0
DA:147,0
DA:150,2
DA:158,1
DA:173,1
DA:176,0
DA:178,0
DA:184,1
DA:193,0
DA:202,0
DA:216,0
DA:241,1
LF:82
LH:47
BRDA:59,0,0,0
BRDA:59,0,1,1
BRDA:68,1,0,0
BRDA:68,1,1,0
BRDA:80,2,0,0
BRDA:80,2,1,1
BRDA:87,3,0,0
BRDA:87,3,1,1
BRDA:96,4,0,0
BRDA:96,4,1,0
BRDA:119,5,0,0
BRDA:119,5,1,0
BRDA:145,6,0,0
BRDA:145,6,1,2
BRDA:203,7,0,0
BRDA:203,7,1,1
BRDA:208,8,0,0
BRDA:208,8,1,1
BRDA:217,9,0,0
BRDA:217,9,1,1
BRDA:222,10,0,0
BRDA:222,10,1,1
BRDA:236,11,0,2
BRDA:236,11,1,0
BRF:24
BRH:9
end_of_record
TN:
SF:src/Pages/LikedPosts.tsx
FN:10,LikedPage
FN:14,(anonymous_2)
FN:15,(anonymous_3)
FN:17,(anonymous_4)
FN:23,(anonymous_5)
FN:28,(anonymous_6)
FN:29,(anonymous_7)
FN:45,(anonymous_8)
FN:57,(anonymous_9)
FN:61,(anonymous_10)
FN:71,(anonymous_11)
FNF:11
FNH:10
FNDA:6,LikedPage
FNDA:9,(anonymous_2)
FNDA:9,(anonymous_3)
FNDA:3,(anonymous_4)
FNDA:3,(anonymous_5)
FNDA:1,(anonymous_6)
FNDA:1,(anonymous_7)
FNDA:0,(anonymous_8)
FNDA:2,(anonymous_9)
FNDA:2,(anonymous_10)
FNDA:1,(anonymous_11)
DA:1,1
DA:2,1
DA:3,1
DA:4,1
DA:5,1
DA:6,1
DA:8,1
DA:11,6
DA:12,6
DA:13,6
DA:14,9
DA:15,9
DA:17,6
DA:19,3
DA:23,6
DA:24,3
DA:25,3
DA:28,6
DA:29,1
DA:30,1
DA:31,1
DA:34,6
DA:35,0
DA:36,0
DA:38,6
DA:45,0
DA:58,2
DA:61,2
DA:71,1
DA:88,1
LF:30
LH:27
BRDA:25,0,0,2
BRDA:25,0,1,1
BRDA:34,1,0,0
BRDA:34,1,1,6
BRDA:53,2,0,4
BRDA:53,2,1,2
BRF:6
BRH:5
end_of_record
TN:
SF:src/Pages/Login.tsx
FN:25,Login
FN:36,(anonymous_1)
FN:54,(anonymous_2)
FN:57,(anonymous_3)
FN:76,(anonymous_4)
FN:102,(anonymous_5)
FN:110,(anonymous_6)
FN:158,(anonymous_7)
FN:166,(anonymous_8)
FN:174,(anonymous_9)
FN:200,(anonymous_10)
FNF:11
FNH:2
FNDA:3,Login
FNDA:0,(anonymous_1)
FNDA:0,(anonymous_2)
FNDA:0,(anonymous_3)
FNDA:0,(anonymous_4)
FNDA:0,(anonymous_5)
FNDA:0,(anonymous_6)
FNDA:0,(anonymous_7)
FNDA:0,(anonymous_8)
FNDA:0,(anonymous_9)
FNDA:1,(anonymous_10)
DA:2,1
DA:3,1
DA:11,1
DA:12,1
DA:13,1
DA:14,1
DA:15,1
DA:25,1
DA:26,3
DA:27,3
DA:29,3
DA:30,3
DA:31,3
DA:32,3
DA:33,3
DA:34,3
DA:36,3
DA:37,0
DA:39,0
DA:40,0
DA:41,0
DA:42,0
DA:44,0
DA:45,0
DA:46,0
DA:47,0
DA:50,0
DA:51,0
DA:54,3
DA:55,0
DA:57,0
DA:59,0
DA:60,0
DA:61,0
DA:64,0
DA:71,0
DA:73,0
DA:76,3
DA:77,0
DA:79,0
DA:86,0
DA:87,0
DA:89,0
DA:96,0
DA:99,0
DA:102,3
DA:103,0
DA:104,0
DA:106,0
DA:107,0
DA:110,3
DA:111,0
DA:112,0
DA:114,0
DA:121,0
DA:122,0
DA:125,3
DA:158,0
DA:166,0
DA:174,0
DA:200,1
LF:61
LH:23
BRDA:39,0,0,0
BRDA:39,0,1,0
BRDA:40,1,0,0
BRDA:40,1,1,0
BRDA:41,2,0,0
BRDA:41,2,1,0
BRDA:44,3,0,0
BRDA:44,3,1,0
BRDA:45,4,0,0
BRDA:45,4,1,0
BRDA:46,5,0,0
BRDA:46,5,1,0
BRDA:55,6,0,0
BRDA:55,6,1,0
BRDA:57,7,0,0
BRDA:57,7,1,0
BRDA:59,8,0,0
BRDA:59,8,1,0
BRDA:68,9,0,0
BRDA:68,9,1,0
BRDA:77,10,0,0
BRDA:77,10,1,0
BRDA:104,11,0,0
BRDA:104,11,1,0
BRDA:106,12,0,0
BRDA:106,12,1,0
BRDA:146,13,0,2
BRDA:146,13,1,1
BRDA:151,14,0,3
BRDA:151,14,1,1
BRDA:178,15,0,2
BRDA:178,15,1,1
BRDA:204,16,0,2
BRDA:204,16,1,1
BRDA:207,17,0,3
BRDA:207,17,1,0
BRF:36
BRH:9
end_of_record
TN:
SF:src/Pages/PostDetailPage.tsx
FN:23,PostDetailPage
FN:24,(anonymous_2)
FN:36,(anonymous_3)
FN:39,(anonymous_4)
FN:40,(anonymous_5)
FN:43,(anonymous_6)
FN:46,(anonymous_7)
FN:47,(anonymous_8)
FN:51,(anonymous_9)
FN:69,(anonymous_10)
FN:80,(anonymous_11)
FN:87,(anonymous_12)
FN:94,(anonymous_13)
FN:99,(anonymous_14)
FN:100,(anonymous_15)
FN:103,(anonymous_16)
FN:114,(anonymous_17)
FN:118,(anonymous_18)
FN:119,(anonymous_19)
FN:123,(anonymous_20)
FN:132,(anonymous_21)
FN:132,(anonymous_22)
FN:133,(anonymous_23)
FN:133,(anonymous_24)
FN:143,(anonymous_25)
FN:162,(anonymous_26)
FN:170,(anonymous_27)
FN:191,(anonymous_28)
FN:196,(anonymous_29)
FN:214,(anonymous_30)
FN:251,(anonymous_31)
FN:268,(anonymous_32)
FNF:32
FNH:13
FNDA:2,PostDetailPage
FNDA:3,(anonymous_2)
FNDA:1,(anonymous_3)
FNDA:1,(anonymous_4)
FNDA:0,(anonymous_5)
FNDA:1,(anonymous_6)
FNDA:1,(anonymous_7)
FNDA:0,(anonymous_8)
FNDA:1,(anonymous_9)
FNDA:0,(anonymous_10)
FNDA:1,(anonymous_11)
FNDA:1,(anonymous_12)
FNDA:0,(anonymous_13)
FNDA:0,(anonymous_14)
FNDA:0,(anonymous_15)
FNDA:0,(anonymous_16)
FNDA:0,(anonymous_17)
FNDA:0,(anonymous_18)
FNDA:0,(anonymous_19)
FNDA:0,(anonymous_20)
FNDA:4,(anonymous_21)
FNDA:0,(anonymous_22)
FNDA:4,(anonymous_23)
FNDA:0,(anonymous_24)
FNDA:1,(anonymous_25)
FNDA:0,(anonymous_26)
FNDA:0,(anonymous_27)
FNDA:0,(anonymous_28)
FNDA:0,(anonymous_29)
FNDA:0,(anonymous_30)
FNDA:1,(anonymous_31)
FNDA:0,(anonymous_32)
DA:1,1
DA:2,1
DA:3,1
DA:4,1
DA:5,1
DA:6,1
DA:7,1
DA:8,1
DA:9,1
DA:24,3
DA:25,2
DA:26,2
DA:27,2
DA:28,2
DA:29,2
DA:30,2
DA:31,2
DA:32,2
DA:34,2
DA:36,2
DA:37,1
DA:39,1
DA:40,0
DA:43,2
DA:44,1
DA:46,1
DA:47,0
DA:51,2
DA:52,1
DA:53,1
DA:54,0
DA:64,2
DA:69,2
DA:70,0
DA:71,0
DA:72,0
DA:73,0
DA:74,0
DA:75,0
DA:80,2
DA:81,1
DA:82,1
DA:83,0
DA:87,2
DA:88,1
DA:89,1
DA:90,0
DA:94,2
DA:95,0
DA:96,0
DA:99,0
DA:100,0
DA:102,0
DA:103,0
DA:104,0
DA:105,0
DA:109,0
DA:110,0
DA:114,2
DA:115,0
DA:116,0
DA:118,0
DA:119,0
DA:122,0
DA:123,0
DA:124,0
DA:125,0
DA:128,0
DA:129,0
DA:132,4
DA:133,4
DA:136,2
DA:143,1
DA:162,0
DA:170,0
DA:191,0
DA:196,0
DA:215,0
DA:252,1
DA:269,0
DA:300,1
LF:81
LH:44
BRDA:53,0,0,0
BRDA:53,0,1,1
BRDA:70,1,0,0
BRDA:70,1,1,0
BRDA:82,2,0,0
BRDA:82,2,1,1
BRDA:89,3,0,0
BRDA:89,3,1,1
BRDA:99,4,0,0
BRDA:99,4,1,0
BRDA:118,5,0,0
BRDA:118,5,1,0
BRDA:162,6,0,0
BRDA:162,6,1,2
BRDA:166,7,0,0
BRDA:166,7,1,2
BRDA:170,8,0,0
BRDA:170,8,1,2
BRDA:174,9,0,0
BRDA:174,9,1,2
BRDA:212,10,0,2
BRDA:212,10,1,1
BRDA:212,10,2,1
BRF:23
BRH:10
end_of_record
TN:
SF:src/Pages/QuotesPage.tsx
FN:15,QuotesPage
FN:16,(anonymous_1)
FN:31,(anonymous_2)
FN:90,(anonymous_3)
FN:96,(anonymous_4)
FN:98,(anonymous_5)
FNF:6
FNH:6
FNDA:3,QuotesPage
FNDA:3,(anonymous_1)
FNDA:1,(anonymous_2)
FNDA:3,(anonymous_3)
FNDA:3,(anonymous_4)
FNDA:3,(anonymous_5)
DA:1,1
DA:2,1
DA:3,1
DA:4,1
DA:16,3
DA:17,3
DA:20,3
DA:32,1
DA:90,1
DA:91,3
DA:96,1
DA:97,3
DA:98,3
DA:102,1
LF:14
LH:14
BRDA:20,0,0,1
BRDA:20,0,1,2
BRDA:22,1,0,1
BRDA:22,1,1,1
BRF:4
BRH:4
end_of_record
TN:
SF:src/Pages/SearchUsers.tsx
FN:18,SearchUsers
FN:24,(anonymous_2)
FN:28,(anonymous_3)
FN:31,(anonymous_4)
FN:32,(anonymous_5)
FN:35,(anonymous_6)
FN:39,(anonymous_7)
FN:39,(anonymous_8)
FN:52,(anonymous_9)
FN:67,(anonymous_10)
FN:68,(anonymous_11)
FNF:11
FNH:9
FNDA:3,SearchUsers
FNDA:4,(anonymous_2)
FNDA:1,(anonymous_3)
FNDA:1,(anonymous_4)
FNDA:0,(anonymous_5)
FNDA:1,(anonymous_6)
FNDA:1,(anonymous_7)
FNDA:0,(anonymous_8)
FNDA:1,(anonymous_9)
FNDA:1,(anonymous_10)
FNDA:1,(anonymous_11)
DA:1,1
DA:2,1
DA:3,1
DA:12,1
DA:13,1
DA:14,1
DA:17,1
DA:19,3
DA:20,3
DA:21,3
DA:22,3
DA:24,4
DA:28,3
DA:29,1
DA:31,1
DA:32,0
DA:35,3
DA:36,1
DA:39,3
DA:41,3
DA:42,0
DA:43,0
DA:46,3
DA:52,1
DA:68,1
DA:107,1
LF:26
LH:23
BRDA:41,0,0,0
BRDA:41,0,1,3
BRF:2
BRH:1
end_of_record
TN:
SF:src/Pages/UserProfile.tsx
FN:24,UserProfile
FN:32,(anonymous_2)
FN:34,(anonymous_3)
FN:37,(anonymous_4)
FN:38,(anonymous_5)
FN:41,(anonymous_6)
FN:44,(anonymous_7)
FN:45,(anonymous_8)
FN:48,(anonymous_9)
FN:55,(anonymous_10)
FN:62,(anonymous_11)
FN:66,(anonymous_12)
FN:67,(anonymous_13)
FN:70,(anonymous_14)
FN:85,(anonymous_15)
FN:89,(anonymous_16)
FN:90,(anonymous_17)
FN:93,(anonymous_18)
FN:108,(anonymous_19)
FN:108,(anonymous_20)
FN:109,(anonymous_21)
FN:109,(anonymous_22)
FN:115,(anonymous_23)
FN:126,(anonymous_24)
FN:171,(anonymous_25)
FN:194,(anonymous_26)
FN:200,(anonymous_27)
FN:214,(anonymous_28)
FNF:28
FNH:11
FNDA:2,UserProfile
FNDA:3,(anonymous_2)
FNDA:1,(anonymous_3)
FNDA:1,(anonymous_4)
FNDA:0,(anonymous_5)
FNDA:1,(anonymous_6)
FNDA:1,(anonymous_7)
FNDA:0,(anonymous_8)
FNDA:1,(anonymous_9)
FNDA:1,(anonymous_10)
FNDA:0,(anonymous_11)
FNDA:0,(anonymous_12)
FNDA:0,(anonymous_13)
FNDA:0,(anonymous_14)
FNDA:0,(anonymous_15)
FNDA:0,(anonymous_16)
FNDA:0,(anonymous_17)
FNDA:0,(anonymous_18)
FNDA:2,(anonymous_19)
FNDA:0,(anonymous_20)
FNDA:2,(anonymous_21)
FNDA:0,(anonymous_22)
FNDA:0,(anonymous_23)
FNDA:0,(anonymous_24)
FNDA:1,(anonymous_25)
FNDA:0,(anonymous_26)
FNDA:0,(anonymous_27)
FNDA:0,(anonymous_28)
DA:2,1
DA:3,1
DA:4,1
DA:19,1
DA:20,1
DA:21,1
DA:22,1
DA:23,1
DA:25,2
DA:26,2
DA:27,2
DA:28,2
DA:29,2
DA:30,2
DA:31,2
DA:32,3
DA:34,2
DA:35,1
DA:37,1
DA:38,0
DA:41,2
DA:42,1
DA:44,1
DA:45,0
DA:48,2
DA:49,1
DA:50,1
DA:51,0
DA:55,2
DA:56,1
DA:57,1
DA:58,0
DA:62,2
DA:63,0
DA:64,0
DA:66,0
DA:67,0
DA:69,0
DA:70,0
DA:71,0
DA:72,0
DA:78,0
DA:79,0
DA:85,2
DA:86,0
DA:87,0
DA:89,0
DA:90,0
DA:92,0
DA:93,0
DA:94,0
DA:95,0
DA:101,0
DA:102,0
DA:108,2
DA:109,2
DA:111,2
DA:112,0
DA:115,2
DA:116,0
DA:119,2
DA:126,0
DA:172,1
DA:194,0
DA:200,0
DA:214,0
DA:241,1
LF:67
LH:37
BRDA:50,0,0,0
BRDA:50,0,1,1
BRDA:57,1,0,0
BRDA:57,1,1,1
BRDA:66,2,0,0
BRDA:66,2,1,0
BRDA:89,3,0,0
BRDA:89,3,1,0
BRDA:111,4,0,0
BRDA:111,4,1,2
BRDA:111,5,0,2
BRDA:111,5,1,2
BRDA:167,6,0,2
BRDA:167,6,1,1
BRDA:201,7,0,0
BRDA:201,7,1,1
BRDA:206,8,0,0
BRDA:206,8,1,1
BRDA:216,9,0,0
BRDA:216,9,1,1
BRDA:222,10,0,0
BRDA:222,10,1,1
BRF:22
BRH:11
end_of_record
TN:
SF:src/Redux/index.ts
FNF:0
FNH:0
DA:2,0
DA:3,0
DA:4,0
DA:5,0
DA:9,0
DA:16,0
LF:6
LH:0
BRF:0
BRH:0
end_of_record
TN:
SF:src/Redux/store.ts
FN:9,(anonymous_1)
FN:12,(anonymous_2)
FN:17,(anonymous_3)
FNF:3
FNH:0
FNDA:0,(anonymous_1)
FNDA:0,(anonymous_2)
FNDA:0,(anonymous_3)
DA:1,0
DA:2,0
DA:3,0
DA:4,0
DA:8,0
DA:10,0
DA:13,0
DA:14,0
DA:18,0
DA:19,0
DA:23,0
DA:29,0
DA:33,0
DA:38,0
LF:14
LH:0
BRF:0
BRH:0
end_of_record
TN:
SF:src/Redux/Quotes/QuotesActions.ts
FN:23,(anonymous_1)
FN:30,(anonymous_2)
FN:37,(anonymous_3)
FN:44,(anonymous_4)
FN:45,(anonymous_5)
FN:48,(anonymous_6)
FN:52,(anonymous_7)
FNF:7
FNH:0
FNDA:0,(anonymous_1)
FNDA:0,(anonymous_2)
FNDA:0,(anonymous_3)
FNDA:0,(anonymous_4)
FNDA:0,(anonymous_5)
FNDA:0,(anonymous_6)
FNDA:0,(anonymous_7)
DA:1,0
DA:2,0
DA:3,0
DA:4,0
DA:23,0
DA:24,0
DA:30,0
DA:31,0
DA:37,0
DA:38,0
DA:44,0
DA:45,0
DA:46,0
DA:47,0
DA:49,0
DA:50,0
DA:53,0
DA:54,0
LF:18
LH:0
BRF:0
BRH:0
end_of_record
TN:
SF:src/Redux/Quotes/QuotesReducer.ts
FN:15,(anonymous_0)
FNF:1
FNH:0
FNDA:0,(anonymous_0)
DA:1,0
DA:9,0
DA:15,0
DA:16,0
DA:18,0
DA:23,0
DA:30,0
DA:37,0
DA:41,0
LF:9
LH:0
BRDA:15,0,0,0
BRDA:16,1,0,0
BRDA:16,1,1,0
BRDA:16,1,2,0
BRDA:16,1,3,0
BRF:5
BRH:0
end_of_record
TN:
SF:src/Redux/Users/userActions.ts
FN:20,(anonymous_1)
FN:27,(anonymous_2)
FN:33,(anonymous_3)
FN:40,(anonymous_4)
FN:41,(anonymous_5)
FN:44,(anonymous_6)
FN:48,(anonymous_7)
FNF:7
FNH:0
FNDA:0,(anonymous_1)
FNDA:0,(anonymous_2)
FNDA:0,(anonymous_3)
FNDA:0,(anonymous_4)
FNDA:0,(anonymous_5)
FNDA:0,(anonymous_6)
FNDA:0,(anonymous_7)
DA:1,0
DA:3,0
DA:4,0
DA:5,0
DA:20,0
DA:21,0
DA:27,0
DA:28,0
DA:33,0
DA:34,0
DA:40,0
DA:41,0
DA:42,0
DA:43,0
DA:45,0
DA:46,0
DA:49,0
DA:50,0
LF:18
LH:0
BRF:0
BRH:0
end_of_record
TN:
SF:src/Redux/Users/userReducer.ts
FN:19,(anonymous_0)
FNF:1
FNH:0
FNDA:0,(anonymous_0)
DA:1,0
DA:13,0
DA:19,0
DA:20,0
DA:22,0
DA:28,0
DA:35,0
DA:43,0
DA:47,0
LF:9
LH:0
BRDA:19,0,0,0
BRDA:20,1,0,0
BRDA:20,1,1,0
BRDA:20,1,2,0
BRDA:20,1,3,0
BRF:5
BRH:0
end_of_record
TN:
SF:src/Redux/auth/authActions.ts
FN:24,(anonymous_0)
FN:29,(anonymous_1)
FNF:2
FNH:0
FNDA:0,(anonymous_0)
FNDA:0,(anonymous_1)
DA:4,1
DA:5,1
DA:24,1
DA:29,1
LF:4
LH:4
BRF:0
BRH:0
end_of_record
TN:
SF:src/Redux/auth/authReducer.ts
FN:16,authReducer
FNF:1
FNH:0
FNDA:0,authReducer
DA:4,0
DA:10,0
DA:16,0
DA:18,0
DA:20,0
DA:28,0
DA:32,0
LF:7
LH:0
BRDA:16,0,0,0
BRDA:18,1,0,0
BRDA:18,1,1,0
BRDA:18,1,2,0
BRF:4
BRH:0
end_of_record
